[2016-07-17 06:03:14] production.ERROR: exception 'InvalidArgumentException' with message 'Command "seeder" is not defined.

Did you mean this?
    make:seeder' in /Applications/MAMP/htdocs/projects/october/vendor/symfony/console/Application.php:515
Stack trace:
#0 /Applications/MAMP/htdocs/projects/october/vendor/symfony/console/Application.php(186): Symfony\Component\Console\Application->find('seeder')
#1 /Applications/MAMP/htdocs/projects/october/vendor/symfony/console/Application.php(120): Symfony\Component\Console\Application->doRun(Object(Symfony\Component\Console\Input\ArgvInput), Object(Symfony\Component\Console\Output\ConsoleOutput))
#2 /Applications/MAMP/htdocs/projects/october/vendor/laravel/framework/src/Illuminate/Foundation/Console/Kernel.php(107): Symfony\Component\Console\Application->run(Object(Symfony\Component\Console\Input\ArgvInput), Object(Symfony\Component\Console\Output\ConsoleOutput))
#3 /Applications/MAMP/htdocs/projects/october/artisan(36): Illuminate\Foundation\Console\Kernel->handle(Object(Symfony\Component\Console\Input\ArgvInput), Object(Symfony\Component\Console\Output\ConsoleOutput))
#4 {main}  
[2016-07-17 06:03:22] production.ERROR: exception 'RuntimeException' with message 'Not enough arguments (missing: "name").' in /Applications/MAMP/htdocs/projects/october/vendor/symfony/console/Input/Input.php:80
Stack trace:
#0 /Applications/MAMP/htdocs/projects/october/vendor/symfony/console/Command/Command.php(251): Symfony\Component\Console\Input\Input->validate()
#1 /Applications/MAMP/htdocs/projects/october/vendor/laravel/framework/src/Illuminate/Console/Command.php(136): Symfony\Component\Console\Command\Command->run(Object(Symfony\Component\Console\Input\ArgvInput), Object(Symfony\Component\Console\Output\ConsoleOutput))
#2 /Applications/MAMP/htdocs/projects/october/vendor/symfony/console/Application.php(841): Illuminate\Console\Command->run(Object(Symfony\Component\Console\Input\ArgvInput), Object(Symfony\Component\Console\Output\ConsoleOutput))
#3 /Applications/MAMP/htdocs/projects/october/vendor/symfony/console/Application.php(189): Symfony\Component\Console\Application->doRunCommand(Object(Illuminate\Database\Console\Seeds\SeederMakeCommand), Object(Symfony\Component\Console\Input\ArgvInput), Object(Symfony\Component\Console\Output\ConsoleOutput))
#4 /Applications/MAMP/htdocs/projects/october/vendor/symfony/console/Application.php(120): Symfony\Component\Console\Application->doRun(Object(Symfony\Component\Console\Input\ArgvInput), Object(Symfony\Component\Console\Output\ConsoleOutput))
#5 /Applications/MAMP/htdocs/projects/october/vendor/laravel/framework/src/Illuminate/Foundation/Console/Kernel.php(107): Symfony\Component\Console\Application->run(Object(Symfony\Component\Console\Input\ArgvInput), Object(Symfony\Component\Console\Output\ConsoleOutput))
#6 /Applications/MAMP/htdocs/projects/october/artisan(36): Illuminate\Foundation\Console\Kernel->handle(Object(Symfony\Component\Console\Input\ArgvInput), Object(Symfony\Component\Console\Output\ConsoleOutput))
#7 {main}  
[2016-07-24 02:04:13] production.ERROR: exception 'InvalidArgumentException' with message 'Plugin "aaron.comment" not found.' in /Applications/MAMP/htdocs/projects/october/modules/system/Console/PluginRefresh.php:42
Stack trace:
#0 [internal function]: System\Console\PluginRefresh->fire()
#1 /Applications/MAMP/htdocs/projects/october/vendor/laravel/framework/src/Illuminate/Container/Container.php(507): call_user_func_array(Array, Array)
#2 /Applications/MAMP/htdocs/projects/october/vendor/laravel/framework/src/Illuminate/Console/Command.php(150): Illuminate\Container\Container->call(Array)
#3 /Applications/MAMP/htdocs/projects/october/vendor/symfony/console/Command/Command.php(256): Illuminate\Console\Command->execute(Object(Symfony\Component\Console\Input\ArgvInput), Object(Symfony\Component\Console\Output\ConsoleOutput))
#4 /Applications/MAMP/htdocs/projects/october/vendor/laravel/framework/src/Illuminate/Console/Command.php(136): Symfony\Component\Console\Command\Command->run(Object(Symfony\Component\Console\Input\ArgvInput), Object(Symfony\Component\Console\Output\ConsoleOutput))
#5 /Applications/MAMP/htdocs/projects/october/vendor/symfony/console/Application.php(841): Illuminate\Console\Command->run(Object(Symfony\Component\Console\Input\ArgvInput), Object(Symfony\Component\Console\Output\ConsoleOutput))
#6 /Applications/MAMP/htdocs/projects/october/vendor/symfony/console/Application.php(189): Symfony\Component\Console\Application->doRunCommand(Object(System\Console\PluginRefresh), Object(Symfony\Component\Console\Input\ArgvInput), Object(Symfony\Component\Console\Output\ConsoleOutput))
#7 /Applications/MAMP/htdocs/projects/october/vendor/symfony/console/Application.php(120): Symfony\Component\Console\Application->doRun(Object(Symfony\Component\Console\Input\ArgvInput), Object(Symfony\Component\Console\Output\ConsoleOutput))
#8 /Applications/MAMP/htdocs/projects/october/vendor/laravel/framework/src/Illuminate/Foundation/Console/Kernel.php(107): Symfony\Component\Console\Application->run(Object(Symfony\Component\Console\Input\ArgvInput), Object(Symfony\Component\Console\Output\ConsoleOutput))
#9 /Applications/MAMP/htdocs/projects/october/artisan(36): Illuminate\Foundation\Console\Kernel->handle(Object(Symfony\Component\Console\Input\ArgvInput), Object(Symfony\Component\Console\Output\ConsoleOutput))
#10 {main}  
[2016-07-24 02:04:18] production.ERROR: exception 'InvalidArgumentException' with message 'Plugin "aaron.webcomment" not found.' in /Applications/MAMP/htdocs/projects/october/modules/system/Console/PluginRefresh.php:42
Stack trace:
#0 [internal function]: System\Console\PluginRefresh->fire()
#1 /Applications/MAMP/htdocs/projects/october/vendor/laravel/framework/src/Illuminate/Container/Container.php(507): call_user_func_array(Array, Array)
#2 /Applications/MAMP/htdocs/projects/october/vendor/laravel/framework/src/Illuminate/Console/Command.php(150): Illuminate\Container\Container->call(Array)
#3 /Applications/MAMP/htdocs/projects/october/vendor/symfony/console/Command/Command.php(256): Illuminate\Console\Command->execute(Object(Symfony\Component\Console\Input\ArgvInput), Object(Symfony\Component\Console\Output\ConsoleOutput))
#4 /Applications/MAMP/htdocs/projects/october/vendor/laravel/framework/src/Illuminate/Console/Command.php(136): Symfony\Component\Console\Command\Command->run(Object(Symfony\Component\Console\Input\ArgvInput), Object(Symfony\Component\Console\Output\ConsoleOutput))
#5 /Applications/MAMP/htdocs/projects/october/vendor/symfony/console/Application.php(841): Illuminate\Console\Command->run(Object(Symfony\Component\Console\Input\ArgvInput), Object(Symfony\Component\Console\Output\ConsoleOutput))
#6 /Applications/MAMP/htdocs/projects/october/vendor/symfony/console/Application.php(189): Symfony\Component\Console\Application->doRunCommand(Object(System\Console\PluginRefresh), Object(Symfony\Component\Console\Input\ArgvInput), Object(Symfony\Component\Console\Output\ConsoleOutput))
#7 /Applications/MAMP/htdocs/projects/october/vendor/symfony/console/Application.php(120): Symfony\Component\Console\Application->doRun(Object(Symfony\Component\Console\Input\ArgvInput), Object(Symfony\Component\Console\Output\ConsoleOutput))
#8 /Applications/MAMP/htdocs/projects/october/vendor/laravel/framework/src/Illuminate/Foundation/Console/Kernel.php(107): Symfony\Component\Console\Application->run(Object(Symfony\Component\Console\Input\ArgvInput), Object(Symfony\Component\Console\Output\ConsoleOutput))
#9 /Applications/MAMP/htdocs/projects/october/artisan(36): Illuminate\Foundation\Console\Kernel->handle(Object(Symfony\Component\Console\Input\ArgvInput), Object(Symfony\Component\Console\Output\ConsoleOutput))
#10 {main}  
